{"C:\\Users\\KadirKara\\Desktop\\react_native_test\\src\\App.js": {"path":"C:\\Users\\KadirKara\\Desktop\\react_native_test\\src\\App.js","statementMap":{"0":{"start":{"line":5,"column":12},"end":{"line":34,"column":1}},"1":{"start":{"line":6,"column":26},"end":{"line":6,"column":38}},"2":{"start":{"line":7,"column":26},"end":{"line":7,"column":38}},"3":{"start":{"line":9,"column":25},"end":{"line":9,"column":58}},"4":{"start":{"line":9,"column":39},"end":{"line":9,"column":58}},"5":{"start":{"line":10,"column":20},"end":{"line":16,"column":3}},"6":{"start":{"line":11,"column":4},"end":{"line":13,"column":5}},"7":{"start":{"line":12,"column":6},"end":{"line":12,"column":12}},"8":{"start":{"line":14,"column":4},"end":{"line":14,"column":28}},"9":{"start":{"line":15,"column":4},"end":{"line":15,"column":15}},"10":{"start":{"line":18,"column":2},"end":{"line":33,"column":3}},"11":{"start":{"line":22,"column":36},"end":{"line":22,"column":52}},"12":{"start":{"line":38,"column":15},"end":{"line":46,"column":2}}},"fnMap":{"0":{"name":"(anonymous_0)","decl":{"start":{"line":5,"column":12},"end":{"line":5,"column":13}},"loc":{"start":{"line":5,"column":18},"end":{"line":34,"column":1}},"line":5},"1":{"name":"(anonymous_1)","decl":{"start":{"line":9,"column":25},"end":{"line":9,"column":26}},"loc":{"start":{"line":9,"column":39},"end":{"line":9,"column":58}},"line":9},"2":{"name":"(anonymous_2)","decl":{"start":{"line":10,"column":20},"end":{"line":10,"column":21}},"loc":{"start":{"line":10,"column":26},"end":{"line":16,"column":3}},"line":10},"3":{"name":"(anonymous_3)","decl":{"start":{"line":22,"column":22},"end":{"line":22,"column":23}},"loc":{"start":{"line":22,"column":36},"end":{"line":22,"column":52}},"line":22}},"branchMap":{"0":{"loc":{"start":{"line":11,"column":4},"end":{"line":13,"column":5}},"type":"if","locations":[{"start":{"line":11,"column":4},"end":{"line":13,"column":5}},{"start":{},"end":{}}],"line":11}},"s":{"0":1,"1":12,"2":12,"3":12,"4":10,"5":12,"6":5,"7":1,"8":4,"9":4,"10":12,"11":19,"12":1},"f":{"0":12,"1":10,"2":5,"3":19},"b":{"0":[1,4]},"_coverageSchema":"1a1c01bbd47fc00a2c39e90264f33305004495a9","hash":"affd6da787325c06e908f93db9a9a99e7eaf7a3d"}
,"C:\\Users\\KadirKara\\Desktop\\react_native_test\\src\\components\\Button\\Button.js": {"path":"C:\\Users\\KadirKara\\Desktop\\react_native_test\\src\\components\\Button\\Button.js","statementMap":{"0":{"start":{"line":4,"column":15},"end":{"line":10,"column":1}},"1":{"start":{"line":5,"column":4},"end":{"line":9,"column":5}}},"fnMap":{"0":{"name":"(anonymous_0)","decl":{"start":{"line":4,"column":15},"end":{"line":4,"column":16}},"loc":{"start":{"line":4,"column":58},"end":{"line":10,"column":1}},"line":4}},"branchMap":{"0":{"loc":{"start":{"line":4,"column":34},"end":{"line":4,"column":51}},"type":"default-arg","locations":[{"start":{"line":4,"column":42},"end":{"line":4,"column":51}}],"line":4}},"s":{"0":2,"1":17},"f":{"0":17},"b":{"0":[16]},"_coverageSchema":"1a1c01bbd47fc00a2c39e90264f33305004495a9","hash":"39d6ee35ad3cb1b7ab361654a563ab0d8e4345a9"}
,"C:\\Users\\KadirKara\\Desktop\\react_native_test\\src\\components\\Button\\Button.style.js": {"path":"C:\\Users\\KadirKara\\Desktop\\react_native_test\\src\\components\\Button\\Button.style.js","statementMap":{},"fnMap":{},"branchMap":{},"s":{},"f":{},"b":{},"_coverageSchema":"1a1c01bbd47fc00a2c39e90264f33305004495a9","hash":"33dc00014606aed612503a4a39cbbed90c261e60"}
}
