TN:
SF:src\App.js
FN:5,(anonymous_0)
FN:9,(anonymous_1)
FN:10,(anonymous_2)
FN:22,(anonymous_3)
FNF:4
FNH:4
FNDA:12,(anonymous_0)
FNDA:10,(anonymous_1)
FNDA:5,(anonymous_2)
FNDA:19,(anonymous_3)
DA:5,1
DA:6,12
DA:7,12
DA:9,12
DA:10,12
DA:11,5
DA:12,1
DA:14,4
DA:15,4
DA:18,12
DA:22,19
DA:38,1
LF:12
LH:12
BRDA:11,0,0,1
BRDA:11,0,1,4
BRF:2
BRH:2
end_of_record
TN:
SF:src\components\Button\Button.js
FN:4,(anonymous_0)
FNF:1
FNH:1
FNDA:17,(anonymous_0)
DA:4,2
DA:5,17
LF:2
LH:2
BRDA:4,0,0,16
BRF:1
BRH:1
end_of_record
TN:
SF:src\components\Button\Button.style.js
FNF:0
FNH:0
LF:0
LH:0
BRF:0
BRH:0
end_of_record
